<?xml version="1.0" encoding="UTF-8"?>
<testsuite xmlns:xsi="http://www.w3.org/2001/XMLSchema-instance" xsi:noNamespaceSchemaLocation="https://maven.apache.org/surefire/maven-surefire-plugin/xsd/surefire-test-report.xsd" name="com.example.myblog.MyblogApplicationTests" time="13.553" tests="3" errors="0" skipped="0" failures="0">
  <properties>
    <property name="sun.desktop" value="windows"/>
    <property name="awt.toolkit" value="sun.awt.windows.WToolkit"/>
    <property name="file.encoding.pkg" value="sun.io"/>
    <property name="java.specification.version" value="1.8"/>
    <property name="sun.cpu.isalist" value="amd64"/>
    <property name="sun.jnu.encoding" value="GBK"/>
    <property name="java.class.path" value="D:\workspace\JavaEE\blog\target\test-classes;D:\workspace\JavaEE\blog\target\classes;D:\developTool\apache-maven-3.6.3\maven-repo\org\springframework\boot\spring-boot-starter-thymeleaf\2.5.11\spring-boot-starter-thymeleaf-2.5.11.jar;D:\developTool\apache-maven-3.6.3\maven-repo\org\springframework\boot\spring-boot-starter\2.5.11\spring-boot-starter-2.5.11.jar;D:\developTool\apache-maven-3.6.3\maven-repo\org\springframework\boot\spring-boot-starter-logging\2.5.11\spring-boot-starter-logging-2.5.11.jar;D:\developTool\apache-maven-3.6.3\maven-repo\ch\qos\logback\logback-classic\1.2.11\logback-classic-1.2.11.jar;D:\developTool\apache-maven-3.6.3\maven-repo\ch\qos\logback\logback-core\1.2.11\logback-core-1.2.11.jar;D:\developTool\apache-maven-3.6.3\maven-repo\org\apache\logging\log4j\log4j-to-slf4j\2.17.2\log4j-to-slf4j-2.17.2.jar;D:\developTool\apache-maven-3.6.3\maven-repo\org\apache\logging\log4j\log4j-api\2.17.2\log4j-api-2.17.2.jar;D:\developTool\apache-maven-3.6.3\maven-repo\org\slf4j\jul-to-slf4j\1.7.36\jul-to-slf4j-1.7.36.jar;D:\developTool\apache-maven-3.6.3\maven-repo\jakarta\annotation\jakarta.annotation-api\1.3.5\jakarta.annotation-api-1.3.5.jar;D:\developTool\apache-maven-3.6.3\maven-repo\org\yaml\snakeyaml\1.28\snakeyaml-1.28.jar;D:\developTool\apache-maven-3.6.3\maven-repo\org\thymeleaf\thymeleaf-spring5\3.0.15.RELEASE\thymeleaf-spring5-3.0.15.RELEASE.jar;D:\developTool\apache-maven-3.6.3\maven-repo\org\thymeleaf\thymeleaf\3.0.15.RELEASE\thymeleaf-3.0.15.RELEASE.jar;D:\developTool\apache-maven-3.6.3\maven-repo\org\attoparser\attoparser\2.0.5.RELEASE\attoparser-2.0.5.RELEASE.jar;D:\developTool\apache-maven-3.6.3\maven-repo\org\unbescape\unbescape\1.1.6.RELEASE\unbescape-1.1.6.RELEASE.jar;D:\developTool\apache-maven-3.6.3\maven-repo\org\thymeleaf\extras\thymeleaf-extras-java8time\3.0.4.RELEASE\thymeleaf-extras-java8time-3.0.4.RELEASE.jar;D:\developTool\apache-maven-3.6.3\maven-repo\org\springframework\boot\spring-boot-starter-web\2.5.11\spring-boot-starter-web-2.5.11.jar;D:\developTool\apache-maven-3.6.3\maven-repo\org\springframework\boot\spring-boot-starter-json\2.5.11\spring-boot-starter-json-2.5.11.jar;D:\developTool\apache-maven-3.6.3\maven-repo\com\fasterxml\jackson\core\jackson-databind\2.12.6\jackson-databind-2.12.6.jar;D:\developTool\apache-maven-3.6.3\maven-repo\com\fasterxml\jackson\core\jackson-annotations\2.12.6\jackson-annotations-2.12.6.jar;D:\developTool\apache-maven-3.6.3\maven-repo\com\fasterxml\jackson\core\jackson-core\2.12.6\jackson-core-2.12.6.jar;D:\developTool\apache-maven-3.6.3\maven-repo\com\fasterxml\jackson\datatype\jackson-datatype-jdk8\2.12.6\jackson-datatype-jdk8-2.12.6.jar;D:\developTool\apache-maven-3.6.3\maven-repo\com\fasterxml\jackson\datatype\jackson-datatype-jsr310\2.12.6\jackson-datatype-jsr310-2.12.6.jar;D:\developTool\apache-maven-3.6.3\maven-repo\com\fasterxml\jackson\module\jackson-module-parameter-names\2.12.6\jackson-module-parameter-names-2.12.6.jar;D:\developTool\apache-maven-3.6.3\maven-repo\org\springframework\boot\spring-boot-starter-tomcat\2.5.11\spring-boot-starter-tomcat-2.5.11.jar;D:\developTool\apache-maven-3.6.3\maven-repo\org\apache\tomcat\embed\tomcat-embed-core\9.0.60\tomcat-embed-core-9.0.60.jar;D:\developTool\apache-maven-3.6.3\maven-repo\org\apache\tomcat\embed\tomcat-embed-el\9.0.60\tomcat-embed-el-9.0.60.jar;D:\developTool\apache-maven-3.6.3\maven-repo\org\apache\tomcat\embed\tomcat-embed-websocket\9.0.60\tomcat-embed-websocket-9.0.60.jar;D:\developTool\apache-maven-3.6.3\maven-repo\org\springframework\spring-web\5.3.17\spring-web-5.3.17.jar;D:\developTool\apache-maven-3.6.3\maven-repo\org\springframework\spring-beans\5.3.17\spring-beans-5.3.17.jar;D:\developTool\apache-maven-3.6.3\maven-repo\org\springframework\spring-webmvc\5.3.17\spring-webmvc-5.3.17.jar;D:\developTool\apache-maven-3.6.3\maven-repo\org\springframework\spring-context\5.3.17\spring-context-5.3.17.jar;D:\developTool\apache-maven-3.6.3\maven-repo\org\springframework\spring-expression\5.3.17\spring-expression-5.3.17.jar;D:\developTool\apache-maven-3.6.3\maven-repo\org\springframework\boot\spring-boot-devtools\2.5.11\spring-boot-devtools-2.5.11.jar;D:\developTool\apache-maven-3.6.3\maven-repo\org\springframework\boot\spring-boot\2.5.11\spring-boot-2.5.11.jar;D:\developTool\apache-maven-3.6.3\maven-repo\org\springframework\boot\spring-boot-autoconfigure\2.5.11\spring-boot-autoconfigure-2.5.11.jar;D:\developTool\apache-maven-3.6.3\maven-repo\mysql\mysql-connector-java\5.1.47\mysql-connector-java-5.1.47.jar;D:\developTool\apache-maven-3.6.3\maven-repo\com\baomidou\mybatis-plus-boot-starter\3.5.1\mybatis-plus-boot-starter-3.5.1.jar;D:\developTool\apache-maven-3.6.3\maven-repo\com\baomidou\mybatis-plus\3.5.1\mybatis-plus-3.5.1.jar;D:\developTool\apache-maven-3.6.3\maven-repo\com\baomidou\mybatis-plus-extension\3.5.1\mybatis-plus-extension-3.5.1.jar;D:\developTool\apache-maven-3.6.3\maven-repo\com\baomidou\mybatis-plus-core\3.5.1\mybatis-plus-core-3.5.1.jar;D:\developTool\apache-maven-3.6.3\maven-repo\com\baomidou\mybatis-plus-annotation\3.5.1\mybatis-plus-annotation-3.5.1.jar;D:\developTool\apache-maven-3.6.3\maven-repo\org\mybatis\mybatis\3.5.9\mybatis-3.5.9.jar;D:\developTool\apache-maven-3.6.3\maven-repo\org\mybatis\mybatis-spring\2.0.6\mybatis-spring-2.0.6.jar;D:\developTool\apache-maven-3.6.3\maven-repo\org\springframework\boot\spring-boot-starter-jdbc\2.5.11\spring-boot-starter-jdbc-2.5.11.jar;D:\developTool\apache-maven-3.6.3\maven-repo\com\zaxxer\HikariCP\4.0.3\HikariCP-4.0.3.jar;D:\developTool\apache-maven-3.6.3\maven-repo\org\springframework\spring-jdbc\5.3.17\spring-jdbc-5.3.17.jar;D:\developTool\apache-maven-3.6.3\maven-repo\org\springframework\spring-tx\5.3.17\spring-tx-5.3.17.jar;D:\developTool\apache-maven-3.6.3\maven-repo\com\alibaba\druid-spring-boot-starter\1.2.1\druid-spring-boot-starter-1.2.1.jar;D:\developTool\apache-maven-3.6.3\maven-repo\com\alibaba\druid\1.2.1\druid-1.2.1.jar;D:\developTool\apache-maven-3.6.3\maven-repo\org\slf4j\slf4j-api\1.7.36\slf4j-api-1.7.36.jar;D:\developTool\apache-maven-3.6.3\maven-repo\com\github\pagehelper\pagehelper-spring-boot-starter\1.4.0\pagehelper-spring-boot-starter-1.4.0.jar;D:\developTool\apache-maven-3.6.3\maven-repo\org\mybatis\spring\boot\mybatis-spring-boot-starter\2.2.0\mybatis-spring-boot-starter-2.2.0.jar;D:\developTool\apache-maven-3.6.3\maven-repo\org\mybatis\spring\boot\mybatis-spring-boot-autoconfigure\2.2.0\mybatis-spring-boot-autoconfigure-2.2.0.jar;D:\developTool\apache-maven-3.6.3\maven-repo\com\github\pagehelper\pagehelper-spring-boot-autoconfigure\1.4.0\pagehelper-spring-boot-autoconfigure-1.4.0.jar;D:\developTool\apache-maven-3.6.3\maven-repo\com\github\pagehelper\pagehelper\5.3.0\pagehelper-5.3.0.jar;D:\developTool\apache-maven-3.6.3\maven-repo\com\github\jsqlparser\jsqlparser\4.2\jsqlparser-4.2.jar;D:\developTool\apache-maven-3.6.3\maven-repo\org\projectlombok\lombok\1.18.22\lombok-1.18.22.jar;D:\developTool\apache-maven-3.6.3\maven-repo\org\springframework\boot\spring-boot-starter-test\2.5.11\spring-boot-starter-test-2.5.11.jar;D:\developTool\apache-maven-3.6.3\maven-repo\org\springframework\boot\spring-boot-test\2.5.11\spring-boot-test-2.5.11.jar;D:\developTool\apache-maven-3.6.3\maven-repo\org\springframework\boot\spring-boot-test-autoconfigure\2.5.11\spring-boot-test-autoconfigure-2.5.11.jar;D:\developTool\apache-maven-3.6.3\maven-repo\com\jayway\jsonpath\json-path\2.5.0\json-path-2.5.0.jar;D:\developTool\apache-maven-3.6.3\maven-repo\net\minidev\json-smart\2.4.8\json-smart-2.4.8.jar;D:\developTool\apache-maven-3.6.3\maven-repo\net\minidev\accessors-smart\2.4.8\accessors-smart-2.4.8.jar;D:\developTool\apache-maven-3.6.3\maven-repo\org\ow2\asm\asm\9.1\asm-9.1.jar;D:\developTool\apache-maven-3.6.3\maven-repo\jakarta\xml\bind\jakarta.xml.bind-api\2.3.3\jakarta.xml.bind-api-2.3.3.jar;D:\developTool\apache-maven-3.6.3\maven-repo\jakarta\activation\jakarta.activation-api\1.2.2\jakarta.activation-api-1.2.2.jar;D:\developTool\apache-maven-3.6.3\maven-repo\org\assertj\assertj-core\3.19.0\assertj-core-3.19.0.jar;D:\developTool\apache-maven-3.6.3\maven-repo\org\hamcrest\hamcrest\2.2\hamcrest-2.2.jar;D:\developTool\apache-maven-3.6.3\maven-repo\org\junit\jupiter\junit-jupiter\5.7.2\junit-jupiter-5.7.2.jar;D:\developTool\apache-maven-3.6.3\maven-repo\org\junit\jupiter\junit-jupiter-api\5.7.2\junit-jupiter-api-5.7.2.jar;D:\developTool\apache-maven-3.6.3\maven-repo\org\apiguardian\apiguardian-api\1.1.0\apiguardian-api-1.1.0.jar;D:\developTool\apache-maven-3.6.3\maven-repo\org\opentest4j\opentest4j\1.2.0\opentest4j-1.2.0.jar;D:\developTool\apache-maven-3.6.3\maven-repo\org\junit\platform\junit-platform-commons\1.7.2\junit-platform-commons-1.7.2.jar;D:\developTool\apache-maven-3.6.3\maven-repo\org\junit\jupiter\junit-jupiter-params\5.7.2\junit-jupiter-params-5.7.2.jar;D:\developTool\apache-maven-3.6.3\maven-repo\org\junit\jupiter\junit-jupiter-engine\5.7.2\junit-jupiter-engine-5.7.2.jar;D:\developTool\apache-maven-3.6.3\maven-repo\org\junit\platform\junit-platform-engine\1.7.2\junit-platform-engine-1.7.2.jar;D:\developTool\apache-maven-3.6.3\maven-repo\org\mockito\mockito-core\3.9.0\mockito-core-3.9.0.jar;D:\developTool\apache-maven-3.6.3\maven-repo\net\bytebuddy\byte-buddy\1.10.22\byte-buddy-1.10.22.jar;D:\developTool\apache-maven-3.6.3\maven-repo\net\bytebuddy\byte-buddy-agent\1.10.22\byte-buddy-agent-1.10.22.jar;D:\developTool\apache-maven-3.6.3\maven-repo\org\objenesis\objenesis\3.2\objenesis-3.2.jar;D:\developTool\apache-maven-3.6.3\maven-repo\org\mockito\mockito-junit-jupiter\3.9.0\mockito-junit-jupiter-3.9.0.jar;D:\developTool\apache-maven-3.6.3\maven-repo\org\skyscreamer\jsonassert\1.5.0\jsonassert-1.5.0.jar;D:\developTool\apache-maven-3.6.3\maven-repo\com\vaadin\external\google\android-json\0.0.20131108.vaadin1\android-json-0.0.20131108.vaadin1.jar;D:\developTool\apache-maven-3.6.3\maven-repo\org\springframework\spring-core\5.3.17\spring-core-5.3.17.jar;D:\developTool\apache-maven-3.6.3\maven-repo\org\springframework\spring-jcl\5.3.17\spring-jcl-5.3.17.jar;D:\developTool\apache-maven-3.6.3\maven-repo\org\springframework\spring-test\5.3.17\spring-test-5.3.17.jar;D:\developTool\apache-maven-3.6.3\maven-repo\org\xmlunit\xmlunit-core\2.8.4\xmlunit-core-2.8.4.jar;D:\developTool\apache-maven-3.6.3\maven-repo\org\springframework\boot\spring-boot-starter-aop\2.5.11\spring-boot-starter-aop-2.5.11.jar;D:\developTool\apache-maven-3.6.3\maven-repo\org\springframework\spring-aop\5.3.17\spring-aop-5.3.17.jar;D:\developTool\apache-maven-3.6.3\maven-repo\org\aspectj\aspectjweaver\1.9.7\aspectjweaver-1.9.7.jar;D:\developTool\apache-maven-3.6.3\maven-repo\com\atlassian\commonmark\commonmark\0.10.0\commonmark-0.10.0.jar;D:\developTool\apache-maven-3.6.3\maven-repo\com\atlassian\commonmark\commonmark-ext-heading-anchor\0.10.0\commonmark-ext-heading-anchor-0.10.0.jar;D:\developTool\apache-maven-3.6.3\maven-repo\com\atlassian\commonmark\commonmark-ext-gfm-tables\0.10.0\commonmark-ext-gfm-tables-0.10.0.jar;"/>
    <property name="java.vm.vendor" value="Oracle Corporation"/>
    <property name="sun.arch.data.model" value="64"/>
    <property name="user.variant" value=""/>
    <property name="java.vendor.url" value="http://java.oracle.com/"/>
    <property name="user.timezone" value="Asia/Shanghai"/>
    <property name="java.vm.specification.version" value="1.8"/>
    <property name="os.name" value="Windows 10"/>
    <property name="user.country" value="CN"/>
    <property name="sun.java.launcher" value="SUN_STANDARD"/>
    <property name="sun.boot.library.path" value="D:\develop\java\jdk1.8.0_202\jre\bin"/>
    <property name="sun.java.command" value="C:\Users\admin\AppData\Local\Temp\surefire960191900510138798\surefirebooter3096110037791614383.jar C:\Users\admin\AppData\Local\Temp\surefire960191900510138798 2022-04-05T22-34-36_722-jvmRun1 surefire6068906811863568582tmp surefire_01641521737934274969tmp"/>
    <property name="surefire.test.class.path" value="D:\workspace\JavaEE\blog\target\test-classes;D:\workspace\JavaEE\blog\target\classes;D:\developTool\apache-maven-3.6.3\maven-repo\org\springframework\boot\spring-boot-starter-thymeleaf\2.5.11\spring-boot-starter-thymeleaf-2.5.11.jar;D:\developTool\apache-maven-3.6.3\maven-repo\org\springframework\boot\spring-boot-starter\2.5.11\spring-boot-starter-2.5.11.jar;D:\developTool\apache-maven-3.6.3\maven-repo\org\springframework\boot\spring-boot-starter-logging\2.5.11\spring-boot-starter-logging-2.5.11.jar;D:\developTool\apache-maven-3.6.3\maven-repo\ch\qos\logback\logback-classic\1.2.11\logback-classic-1.2.11.jar;D:\developTool\apache-maven-3.6.3\maven-repo\ch\qos\logback\logback-core\1.2.11\logback-core-1.2.11.jar;D:\developTool\apache-maven-3.6.3\maven-repo\org\apache\logging\log4j\log4j-to-slf4j\2.17.2\log4j-to-slf4j-2.17.2.jar;D:\developTool\apache-maven-3.6.3\maven-repo\org\apache\logging\log4j\log4j-api\2.17.2\log4j-api-2.17.2.jar;D:\developTool\apache-maven-3.6.3\maven-repo\org\slf4j\jul-to-slf4j\1.7.36\jul-to-slf4j-1.7.36.jar;D:\developTool\apache-maven-3.6.3\maven-repo\jakarta\annotation\jakarta.annotation-api\1.3.5\jakarta.annotation-api-1.3.5.jar;D:\developTool\apache-maven-3.6.3\maven-repo\org\yaml\snakeyaml\1.28\snakeyaml-1.28.jar;D:\developTool\apache-maven-3.6.3\maven-repo\org\thymeleaf\thymeleaf-spring5\3.0.15.RELEASE\thymeleaf-spring5-3.0.15.RELEASE.jar;D:\developTool\apache-maven-3.6.3\maven-repo\org\thymeleaf\thymeleaf\3.0.15.RELEASE\thymeleaf-3.0.15.RELEASE.jar;D:\developTool\apache-maven-3.6.3\maven-repo\org\attoparser\attoparser\2.0.5.RELEASE\attoparser-2.0.5.RELEASE.jar;D:\developTool\apache-maven-3.6.3\maven-repo\org\unbescape\unbescape\1.1.6.RELEASE\unbescape-1.1.6.RELEASE.jar;D:\developTool\apache-maven-3.6.3\maven-repo\org\thymeleaf\extras\thymeleaf-extras-java8time\3.0.4.RELEASE\thymeleaf-extras-java8time-3.0.4.RELEASE.jar;D:\developTool\apache-maven-3.6.3\maven-repo\org\springframework\boot\spring-boot-starter-web\2.5.11\spring-boot-starter-web-2.5.11.jar;D:\developTool\apache-maven-3.6.3\maven-repo\org\springframework\boot\spring-boot-starter-json\2.5.11\spring-boot-starter-json-2.5.11.jar;D:\developTool\apache-maven-3.6.3\maven-repo\com\fasterxml\jackson\core\jackson-databind\2.12.6\jackson-databind-2.12.6.jar;D:\developTool\apache-maven-3.6.3\maven-repo\com\fasterxml\jackson\core\jackson-annotations\2.12.6\jackson-annotations-2.12.6.jar;D:\developTool\apache-maven-3.6.3\maven-repo\com\fasterxml\jackson\core\jackson-core\2.12.6\jackson-core-2.12.6.jar;D:\developTool\apache-maven-3.6.3\maven-repo\com\fasterxml\jackson\datatype\jackson-datatype-jdk8\2.12.6\jackson-datatype-jdk8-2.12.6.jar;D:\developTool\apache-maven-3.6.3\maven-repo\com\fasterxml\jackson\datatype\jackson-datatype-jsr310\2.12.6\jackson-datatype-jsr310-2.12.6.jar;D:\developTool\apache-maven-3.6.3\maven-repo\com\fasterxml\jackson\module\jackson-module-parameter-names\2.12.6\jackson-module-parameter-names-2.12.6.jar;D:\developTool\apache-maven-3.6.3\maven-repo\org\springframework\boot\spring-boot-starter-tomcat\2.5.11\spring-boot-starter-tomcat-2.5.11.jar;D:\developTool\apache-maven-3.6.3\maven-repo\org\apache\tomcat\embed\tomcat-embed-core\9.0.60\tomcat-embed-core-9.0.60.jar;D:\developTool\apache-maven-3.6.3\maven-repo\org\apache\tomcat\embed\tomcat-embed-el\9.0.60\tomcat-embed-el-9.0.60.jar;D:\developTool\apache-maven-3.6.3\maven-repo\org\apache\tomcat\embed\tomcat-embed-websocket\9.0.60\tomcat-embed-websocket-9.0.60.jar;D:\developTool\apache-maven-3.6.3\maven-repo\org\springframework\spring-web\5.3.17\spring-web-5.3.17.jar;D:\developTool\apache-maven-3.6.3\maven-repo\org\springframework\spring-beans\5.3.17\spring-beans-5.3.17.jar;D:\developTool\apache-maven-3.6.3\maven-repo\org\springframework\spring-webmvc\5.3.17\spring-webmvc-5.3.17.jar;D:\developTool\apache-maven-3.6.3\maven-repo\org\springframework\spring-context\5.3.17\spring-context-5.3.17.jar;D:\developTool\apache-maven-3.6.3\maven-repo\org\springframework\spring-expression\5.3.17\spring-expression-5.3.17.jar;D:\developTool\apache-maven-3.6.3\maven-repo\org\springframework\boot\spring-boot-devtools\2.5.11\spring-boot-devtools-2.5.11.jar;D:\developTool\apache-maven-3.6.3\maven-repo\org\springframework\boot\spring-boot\2.5.11\spring-boot-2.5.11.jar;D:\developTool\apache-maven-3.6.3\maven-repo\org\springframework\boot\spring-boot-autoconfigure\2.5.11\spring-boot-autoconfigure-2.5.11.jar;D:\developTool\apache-maven-3.6.3\maven-repo\mysql\mysql-connector-java\5.1.47\mysql-connector-java-5.1.47.jar;D:\developTool\apache-maven-3.6.3\maven-repo\com\baomidou\mybatis-plus-boot-starter\3.5.1\mybatis-plus-boot-starter-3.5.1.jar;D:\developTool\apache-maven-3.6.3\maven-repo\com\baomidou\mybatis-plus\3.5.1\mybatis-plus-3.5.1.jar;D:\developTool\apache-maven-3.6.3\maven-repo\com\baomidou\mybatis-plus-extension\3.5.1\mybatis-plus-extension-3.5.1.jar;D:\developTool\apache-maven-3.6.3\maven-repo\com\baomidou\mybatis-plus-core\3.5.1\mybatis-plus-core-3.5.1.jar;D:\developTool\apache-maven-3.6.3\maven-repo\com\baomidou\mybatis-plus-annotation\3.5.1\mybatis-plus-annotation-3.5.1.jar;D:\developTool\apache-maven-3.6.3\maven-repo\org\mybatis\mybatis\3.5.9\mybatis-3.5.9.jar;D:\developTool\apache-maven-3.6.3\maven-repo\org\mybatis\mybatis-spring\2.0.6\mybatis-spring-2.0.6.jar;D:\developTool\apache-maven-3.6.3\maven-repo\org\springframework\boot\spring-boot-starter-jdbc\2.5.11\spring-boot-starter-jdbc-2.5.11.jar;D:\developTool\apache-maven-3.6.3\maven-repo\com\zaxxer\HikariCP\4.0.3\HikariCP-4.0.3.jar;D:\developTool\apache-maven-3.6.3\maven-repo\org\springframework\spring-jdbc\5.3.17\spring-jdbc-5.3.17.jar;D:\developTool\apache-maven-3.6.3\maven-repo\org\springframework\spring-tx\5.3.17\spring-tx-5.3.17.jar;D:\developTool\apache-maven-3.6.3\maven-repo\com\alibaba\druid-spring-boot-starter\1.2.1\druid-spring-boot-starter-1.2.1.jar;D:\developTool\apache-maven-3.6.3\maven-repo\com\alibaba\druid\1.2.1\druid-1.2.1.jar;D:\developTool\apache-maven-3.6.3\maven-repo\org\slf4j\slf4j-api\1.7.36\slf4j-api-1.7.36.jar;D:\developTool\apache-maven-3.6.3\maven-repo\com\github\pagehelper\pagehelper-spring-boot-starter\1.4.0\pagehelper-spring-boot-starter-1.4.0.jar;D:\developTool\apache-maven-3.6.3\maven-repo\org\mybatis\spring\boot\mybatis-spring-boot-starter\2.2.0\mybatis-spring-boot-starter-2.2.0.jar;D:\developTool\apache-maven-3.6.3\maven-repo\org\mybatis\spring\boot\mybatis-spring-boot-autoconfigure\2.2.0\mybatis-spring-boot-autoconfigure-2.2.0.jar;D:\developTool\apache-maven-3.6.3\maven-repo\com\github\pagehelper\pagehelper-spring-boot-autoconfigure\1.4.0\pagehelper-spring-boot-autoconfigure-1.4.0.jar;D:\developTool\apache-maven-3.6.3\maven-repo\com\github\pagehelper\pagehelper\5.3.0\pagehelper-5.3.0.jar;D:\developTool\apache-maven-3.6.3\maven-repo\com\github\jsqlparser\jsqlparser\4.2\jsqlparser-4.2.jar;D:\developTool\apache-maven-3.6.3\maven-repo\org\projectlombok\lombok\1.18.22\lombok-1.18.22.jar;D:\developTool\apache-maven-3.6.3\maven-repo\org\springframework\boot\spring-boot-starter-test\2.5.11\spring-boot-starter-test-2.5.11.jar;D:\developTool\apache-maven-3.6.3\maven-repo\org\springframework\boot\spring-boot-test\2.5.11\spring-boot-test-2.5.11.jar;D:\developTool\apache-maven-3.6.3\maven-repo\org\springframework\boot\spring-boot-test-autoconfigure\2.5.11\spring-boot-test-autoconfigure-2.5.11.jar;D:\developTool\apache-maven-3.6.3\maven-repo\com\jayway\jsonpath\json-path\2.5.0\json-path-2.5.0.jar;D:\developTool\apache-maven-3.6.3\maven-repo\net\minidev\json-smart\2.4.8\json-smart-2.4.8.jar;D:\developTool\apache-maven-3.6.3\maven-repo\net\minidev\accessors-smart\2.4.8\accessors-smart-2.4.8.jar;D:\developTool\apache-maven-3.6.3\maven-repo\org\ow2\asm\asm\9.1\asm-9.1.jar;D:\developTool\apache-maven-3.6.3\maven-repo\jakarta\xml\bind\jakarta.xml.bind-api\2.3.3\jakarta.xml.bind-api-2.3.3.jar;D:\developTool\apache-maven-3.6.3\maven-repo\jakarta\activation\jakarta.activation-api\1.2.2\jakarta.activation-api-1.2.2.jar;D:\developTool\apache-maven-3.6.3\maven-repo\org\assertj\assertj-core\3.19.0\assertj-core-3.19.0.jar;D:\developTool\apache-maven-3.6.3\maven-repo\org\hamcrest\hamcrest\2.2\hamcrest-2.2.jar;D:\developTool\apache-maven-3.6.3\maven-repo\org\junit\jupiter\junit-jupiter\5.7.2\junit-jupiter-5.7.2.jar;D:\developTool\apache-maven-3.6.3\maven-repo\org\junit\jupiter\junit-jupiter-api\5.7.2\junit-jupiter-api-5.7.2.jar;D:\developTool\apache-maven-3.6.3\maven-repo\org\apiguardian\apiguardian-api\1.1.0\apiguardian-api-1.1.0.jar;D:\developTool\apache-maven-3.6.3\maven-repo\org\opentest4j\opentest4j\1.2.0\opentest4j-1.2.0.jar;D:\developTool\apache-maven-3.6.3\maven-repo\org\junit\platform\junit-platform-commons\1.7.2\junit-platform-commons-1.7.2.jar;D:\developTool\apache-maven-3.6.3\maven-repo\org\junit\jupiter\junit-jupiter-params\5.7.2\junit-jupiter-params-5.7.2.jar;D:\developTool\apache-maven-3.6.3\maven-repo\org\junit\jupiter\junit-jupiter-engine\5.7.2\junit-jupiter-engine-5.7.2.jar;D:\developTool\apache-maven-3.6.3\maven-repo\org\junit\platform\junit-platform-engine\1.7.2\junit-platform-engine-1.7.2.jar;D:\developTool\apache-maven-3.6.3\maven-repo\org\mockito\mockito-core\3.9.0\mockito-core-3.9.0.jar;D:\developTool\apache-maven-3.6.3\maven-repo\net\bytebuddy\byte-buddy\1.10.22\byte-buddy-1.10.22.jar;D:\developTool\apache-maven-3.6.3\maven-repo\net\bytebuddy\byte-buddy-agent\1.10.22\byte-buddy-agent-1.10.22.jar;D:\developTool\apache-maven-3.6.3\maven-repo\org\objenesis\objenesis\3.2\objenesis-3.2.jar;D:\developTool\apache-maven-3.6.3\maven-repo\org\mockito\mockito-junit-jupiter\3.9.0\mockito-junit-jupiter-3.9.0.jar;D:\developTool\apache-maven-3.6.3\maven-repo\org\skyscreamer\jsonassert\1.5.0\jsonassert-1.5.0.jar;D:\developTool\apache-maven-3.6.3\maven-repo\com\vaadin\external\google\android-json\0.0.20131108.vaadin1\android-json-0.0.20131108.vaadin1.jar;D:\developTool\apache-maven-3.6.3\maven-repo\org\springframework\spring-core\5.3.17\spring-core-5.3.17.jar;D:\developTool\apache-maven-3.6.3\maven-repo\org\springframework\spring-jcl\5.3.17\spring-jcl-5.3.17.jar;D:\developTool\apache-maven-3.6.3\maven-repo\org\springframework\spring-test\5.3.17\spring-test-5.3.17.jar;D:\developTool\apache-maven-3.6.3\maven-repo\org\xmlunit\xmlunit-core\2.8.4\xmlunit-core-2.8.4.jar;D:\developTool\apache-maven-3.6.3\maven-repo\org\springframework\boot\spring-boot-starter-aop\2.5.11\spring-boot-starter-aop-2.5.11.jar;D:\developTool\apache-maven-3.6.3\maven-repo\org\springframework\spring-aop\5.3.17\spring-aop-5.3.17.jar;D:\developTool\apache-maven-3.6.3\maven-repo\org\aspectj\aspectjweaver\1.9.7\aspectjweaver-1.9.7.jar;D:\developTool\apache-maven-3.6.3\maven-repo\com\atlassian\commonmark\commonmark\0.10.0\commonmark-0.10.0.jar;D:\developTool\apache-maven-3.6.3\maven-repo\com\atlassian\commonmark\commonmark-ext-heading-anchor\0.10.0\commonmark-ext-heading-anchor-0.10.0.jar;D:\developTool\apache-maven-3.6.3\maven-repo\com\atlassian\commonmark\commonmark-ext-gfm-tables\0.10.0\commonmark-ext-gfm-tables-0.10.0.jar;"/>
    <property name="sun.cpu.endian" value="little"/>
    <property name="user.home" value="C:\Users\admin"/>
    <property name="user.language" value="zh"/>
    <property name="java.specification.vendor" value="Oracle Corporation"/>
    <property name="java.home" value="D:\develop\java\jdk1.8.0_202\jre"/>
    <property name="basedir" value="D:\workspace\JavaEE\blog"/>
    <property name="file.separator" value="\"/>
    <property name="line.separator" value="&#10;"/>
    <property name="java.vm.specification.vendor" value="Oracle Corporation"/>
    <property name="java.specification.name" value="Java Platform API Specification"/>
    <property name="java.awt.graphicsenv" value="sun.awt.Win32GraphicsEnvironment"/>
    <property name="surefire.real.class.path" value="C:\Users\admin\AppData\Local\Temp\surefire960191900510138798\surefirebooter3096110037791614383.jar"/>
    <property name="sun.boot.class.path" value="D:\develop\java\jdk1.8.0_202\jre\lib\resources.jar;D:\develop\java\jdk1.8.0_202\jre\lib\rt.jar;D:\develop\java\jdk1.8.0_202\jre\lib\sunrsasign.jar;D:\develop\java\jdk1.8.0_202\jre\lib\jsse.jar;D:\develop\java\jdk1.8.0_202\jre\lib\jce.jar;D:\develop\java\jdk1.8.0_202\jre\lib\charsets.jar;D:\develop\java\jdk1.8.0_202\jre\lib\jfr.jar;D:\develop\java\jdk1.8.0_202\jre\classes"/>
    <property name="user.script" value=""/>
    <property name="sun.management.compiler" value="HotSpot 64-Bit Tiered Compilers"/>
    <property name="java.runtime.version" value="1.8.0_202-b08"/>
    <property name="user.name" value="admin"/>
    <property name="path.separator" value=";"/>
    <property name="os.version" value="10.0"/>
    <property name="java.endorsed.dirs" value="D:\develop\java\jdk1.8.0_202\jre\lib\endorsed"/>
    <property name="java.runtime.name" value="Java(TM) SE Runtime Environment"/>
    <property name="file.encoding" value="GBK"/>
    <property name="java.vm.name" value="Java HotSpot(TM) 64-Bit Server VM"/>
    <property name="localRepository" value="D:\developTool\apache-maven-3.6.3\maven-repo"/>
    <property name="java.vendor.url.bug" value="http://bugreport.sun.com/bugreport/"/>
    <property name="java.io.tmpdir" value="C:\Users\admin\AppData\Local\Temp\"/>
    <property name="idea.version" value="2021.1.3"/>
    <property name="java.version" value="1.8.0_202"/>
    <property name="user.dir" value="D:\workspace\JavaEE\blog"/>
    <property name="os.arch" value="amd64"/>
    <property name="java.vm.specification.name" value="Java Virtual Machine Specification"/>
    <property name="java.awt.printerjob" value="sun.awt.windows.WPrinterJob"/>
    <property name="sun.os.patch.level" value=""/>
    <property name="java.library.path" value="D:\develop\java\jdk1.8.0_202\jre\bin;C:\Windows\Sun\Java\bin;C:\Windows\system32;C:\Windows;D:\develop\java\jdk1.8.0_202\bin;C:\Program Files (x86)\Common Files\Oracle\Java\javapath;C:\Windows\system32;C:\Windows;C:\Windows\System32\Wbem;C:\Windows\System32\WindowsPowerShell\v1.0\;C:\Windows\System32\OpenSSH\;D:\develop\nodejs\;D:\develop\mysql\mysql-5.7.35-winx64\bin;D:\developTool\apache-maven-3.6.3\bin;D:\Program Files (x86)\NetSarang\Xshell 7\;D:\Program Files (x86)\NetSarang\Xftp 7\;D:\develop\c\mingw64\bin;C:\Program Files\dotnet\;D:\develop\go\bin;d:\Program Files\Git\cmd;D:\develop\python\Scripts\;D:\develop\python\;C:\Users\admin\AppData\Local\Microsoft\WindowsApps;C:\Users\admin\AppData\Roaming\npm;D:\Program Files\Microsoft VS Code\bin;C:\Users\admin\go\bin;."/>
    <property name="java.vm.info" value="mixed mode"/>
    <property name="java.vendor" value="Oracle Corporation"/>
    <property name="java.vm.version" value="25.202-b08"/>
    <property name="java.ext.dirs" value="D:\develop\java\jdk1.8.0_202\jre\lib\ext;C:\Windows\Sun\Java\lib\ext"/>
    <property name="sun.io.unicode.encoding" value="UnicodeLittle"/>
    <property name="maven.repo.local" value="D:\developTool\apache-maven-3.6.3\maven-repo"/>
    <property name="java.class.version" value="52.0"/>
  </properties>
  <testcase name="testLogin" classname="com.example.myblog.MyblogApplicationTests" time="0.678"/>
  <testcase name="testPage" classname="com.example.myblog.MyblogApplicationTests" time="0.254"/>
  <testcase name="contextLoads" classname="com.example.myblog.MyblogApplicationTests" time="0.006"/>
</testsuite>